<?xml version="1.0" encoding="UTF-8"?>
<coverage generated="1654021484655" clover="3.2.0">
  <project timestamp="1654021484655" name="All files">
    <metrics statements="30" coveredstatements="13" conditionals="4" coveredconditionals="1" methods="7" coveredmethods="7" elements="41" coveredelements="21" complexity="0" loc="30" ncloc="30" packages="3" files="3" classes="3"/>
    <package name="components.Footer">
      <metrics statements="1" coveredstatements="1" conditionals="0" coveredconditionals="0" methods="0" coveredmethods="0"/>
      <file name="FooterComp.vue" path="C:\Users\Jeetan\Documents\Capgemini ABN Amro\Vue JS Mini Project\Demonstration Day Files\Final\recipe-app20220502\src\components\Footer\FooterComp.vue">
        <metrics statements="1" coveredstatements="1" conditionals="0" coveredconditionals="0" methods="0" coveredmethods="0"/>
        <line num="16" count="1" type="stmt"/>
      </file>
    </package>
    <package name="components.NotFound">
      <metrics statements="1" coveredstatements="1" conditionals="0" coveredconditionals="0" methods="0" coveredmethods="0"/>
      <file name="NotFoundComp.vue" path="C:\Users\Jeetan\Documents\Capgemini ABN Amro\Vue JS Mini Project\Demonstration Day Files\Final\recipe-app20220502\src\components\NotFound\NotFoundComp.vue">
        <metrics statements="1" coveredstatements="1" conditionals="0" coveredconditionals="0" methods="0" coveredmethods="0"/>
        <line num="9" count="1" type="stmt"/>
      </file>
    </package>
    <package name="mixins">
      <metrics statements="28" coveredstatements="11" conditionals="4" coveredconditionals="1" methods="7" coveredmethods="7"/>
      <file name="methods.js" path="C:\Users\Jeetan\Documents\Capgemini ABN Amro\Vue JS Mini Project\Demonstration Day Files\Final\recipe-app20220502\src\mixins\methods.js">
        <metrics statements="28" coveredstatements="11" conditionals="4" coveredconditionals="1" methods="7" coveredmethods="7"/>
        <line num="5" count="1" type="cond" truecount="1" falsecount="1"/>
        <line num="6" count="0" type="stmt"/>
        <line num="7" count="0" type="stmt"/>
        <line num="8" count="0" type="stmt"/>
        <line num="13" count="1" type="stmt"/>
        <line num="14" count="1" type="stmt"/>
        <line num="16" count="1" type="stmt"/>
        <line num="17" count="1" type="stmt"/>
        <line num="18" count="0" type="stmt"/>
        <line num="19" count="0" type="stmt"/>
        <line num="20" count="0" type="stmt"/>
        <line num="22" count="0" type="stmt"/>
        <line num="23" count="0" type="stmt"/>
        <line num="24" count="0" type="stmt"/>
        <line num="25" count="0" type="stmt"/>
        <line num="26" count="0" type="stmt"/>
        <line num="27" count="0" type="cond" truecount="0" falsecount="2"/>
        <line num="28" count="0" type="stmt"/>
        <line num="29" count="0" type="stmt"/>
        <line num="35" count="0" type="stmt"/>
        <line num="38" count="0" type="stmt"/>
        <line num="40" count="1" type="stmt"/>
        <line num="45" count="2" type="stmt"/>
        <line num="46" count="2" type="stmt"/>
        <line num="48" count="2" type="stmt"/>
        <line num="49" count="2" type="stmt"/>
        <line num="50" count="0" type="stmt"/>
        <line num="52" count="2" type="stmt"/>
      </file>
    </package>
  </project>
</coverage>
